{
  "RSpec": {
    "coverage": {
      "/Users/Guest/Desktop/wouldyourather/app/helpers/application_helper.rb": [
        1,
        null
      ],
      "/Users/Guest/Desktop/wouldyourather/app/models/question.rb": [
        1,
        1,
        1,
        null
      ],
      "/Users/Guest/Desktop/wouldyourather/app/controllers/frontend_controller.rb": [
        1,
        1,
        2,
        null,
        null
      ],
      "/Users/Guest/Desktop/wouldyourather/app/controllers/application_controller.rb": [
        1,
        null,
        null,
        1,
        null
      ],
      "/Users/Guest/Desktop/wouldyourather/app/controllers/questions_controller.rb": [
        1,
        1,
        2,
        null,
        null,
        1,
        1,
        1,
        1,
        null,
        0,
        null,
        null,
        null,
        1,
        1,
        1,
        null,
        null
      ]
    },
    "timestamp": 1459182960
  }
}
